<?xml version="1.0" encoding="UTF-8"?>
<testng-results skipped="0" failed="0" ignored="0" total="1" passed="1">
  <reporter-output>
    <line>
      <![CDATA[Successfully Launched Chrome Browser]]>
    </line>
    <line>
      <![CDATA[Browser window is maximized successfully]]>
    </line>
    <line>
      <![CDATA[Home page is displayed]]>
    </line>
    <line>
      <![CDATA[Notebooks page is displayed]]>
    </line>
  </reporter-output>
  <suite name="Default suite" duration-ms="33424" started-at="2022-03-03T09:51:20 IST" finished-at="2022-03-03T09:51:53 IST">
    <groups>
    </groups>
    <test name="Default test" duration-ms="33424" started-at="2022-03-03T09:51:20 IST" finished-at="2022-03-03T09:51:53 IST">
      <class name="computers.NOTEBOOKS">
        <test-method status="PASS" signature="openTheBrowser(java.lang.String)[pri:0, instance:computers.NOTEBOOKS@2bbf4b8b]" name="openTheBrowser" is-config="true" duration-ms="19604" started-at="2022-03-03T09:51:20 IST" finished-at="2022-03-03T09:51:40 IST">
          <params>
            <param index="0">
              <value>
                <![CDATA[chrome]]>
              </value>
            </param>
          </params>
          <reporter-output>
            <line>
              <![CDATA[Successfully Launched Chrome Browser]]>
            </line>
            <line>
              <![CDATA[Browser window is maximized successfully]]>
            </line>
          </reporter-output>
        </test-method> <!-- openTheBrowser -->
        <test-method status="PASS" signature="loginToApplication()[pri:0, instance:computers.NOTEBOOKS@2bbf4b8b]" name="loginToApplication" is-config="true" duration-ms="5839" started-at="2022-03-03T09:51:40 IST" finished-at="2022-03-03T09:51:45 IST">
          <reporter-output>
          </reporter-output>
        </test-method> <!-- loginToApplication -->
        <test-method status="PASS" signature="TestingComputers()[pri:0, instance:computers.NOTEBOOKS@2bbf4b8b]" name="TestingComputers" duration-ms="6237" started-at="2022-03-03T09:51:45 IST" finished-at="2022-03-03T09:51:52 IST">
          <reporter-output>
            <line>
              <![CDATA[Home page is displayed]]>
            </line>
            <line>
              <![CDATA[Notebooks page is displayed]]>
            </line>
          </reporter-output>
        </test-method> <!-- TestingComputers -->
        <test-method status="PASS" signature="logoutOfApplication()[pri:0, instance:computers.NOTEBOOKS@2bbf4b8b]" name="logoutOfApplication" is-config="true" duration-ms="894" started-at="2022-03-03T09:51:52 IST" finished-at="2022-03-03T09:51:52 IST">
          <reporter-output>
          </reporter-output>
        </test-method> <!-- logoutOfApplication -->
        <test-method status="PASS" signature="closeTheBrowser()[pri:0, instance:computers.NOTEBOOKS@2bbf4b8b]" name="closeTheBrowser" is-config="true" duration-ms="788" started-at="2022-03-03T09:51:53 IST" finished-at="2022-03-03T09:51:53 IST">
          <reporter-output>
          </reporter-output>
        </test-method> <!-- closeTheBrowser -->
      </class> <!-- computers.NOTEBOOKS -->
    </test> <!-- Default test -->
  </suite> <!-- Default suite -->
</testng-results>
