# JRE version: Java(TM) SE Runtime Environment (8.0_301-b09) (build 1.8.0_301-b09)
# Java VM: Java HotSpot(TM) 64-Bit Server VM (25.301-b09 mixed mode windows-amd64 compressed oops)
Heap:
 PSYoungGen      total 18944K, used 12582K [0x00000000eb500000, 0x00000000eca00000, 0x0000000100000000)
  eden space 16384K, 76% used [0x00000000eb500000,0x00000000ec149bb0,0x00000000ec500000)
  from space 2560K, 0% used [0x00000000ec500000,0x00000000ec500000,0x00000000ec780000)
  to   space 2560K, 0% used [0x00000000ec780000,0x00000000ec780000,0x00000000eca00000)
 ParOldGen       total 31744K, used 1886K [0x00000000c1e00000, 0x00000000c3d00000, 0x00000000eb500000)
  object space 31744K, 5% used [0x00000000c1e00000,0x00000000c1fd7910,0x00000000c3d00000)
 Metaspace       used 10011K, capacity 10295K, committed 10624K, reserved 1062912K
  class space    used 1164K, capacity 1282K, committed 1408K, reserved 1048576K
GC Heap History (4 events):
Event: 0.350 GC heap before
{Heap before GC invocations=1 (full 0):
 PSYoungGen      total 18944K, used 11439K [0x00000000eb500000, 0x00000000eca00000, 0x0000000100000000)
  eden space 16384K, 69% used [0x00000000eb500000,0x00000000ec02bf10,0x00000000ec500000)
  from space 2560K, 0% used [0x00000000ec780000,0x00000000ec780000,0x00000000eca00000)
  to   space 2560K, 0% used [0x00000000ec500000,0x00000000ec500000,0x00000000ec780000)
 ParOldGen       total 44032K, used 0K [0x00000000c1e00000, 0x00000000c4900000, 0x00000000eb500000)
  object space 44032K, 0% used [0x00000000c1e00000,0x00000000c1e00000,0x00000000c4900000)
 Metaspace       used 6266K, capacity 6402K, committed 6528K, reserved 1060864K
  class space    used 724K, capacity 797K, committed 896K, reserved 1048576K
Event: 0.352 GC heap after
Heap after GC invocations=1 (full 0):
 PSYoungGen      total 18944K, used 2097K [0x00000000eb500000, 0x00000000eca00000, 0x0000000100000000)
  eden space 16384K, 0% used [0x00000000eb500000,0x00000000eb500000,0x00000000ec500000)
  from space 2560K, 81% used [0x00000000ec500000,0x00000000ec70c478,0x00000000ec780000)
  to   space 2560K, 0% used [0x00000000ec780000,0x00000000ec780000,0x00000000eca00000)
 ParOldGen       total 44032K, used 8K [0x00000000c1e00000, 0x00000000c4900000, 0x00000000eb500000)
  object space 44032K, 0% used [0x00000000c1e00000,0x00000000c1e02000,0x00000000c4900000)
 Metaspace       used 6266K, capacity 6402K, committed 6528K, reserved 1060864K
  class space    used 724K, capacity 797K, committed 896K, reserved 1048576K
}
Event: 0.352 GC heap before
{Heap before GC invocations=2 (full 1):
 PSYoungGen      total 18944K, used 2097K [0x00000000eb500000, 0x00000000eca00000, 0x0000000100000000)
  eden space 16384K, 0% used [0x00000000eb500000,0x00000000eb500000,0x00000000ec500000)
  from space 2560K, 81% used [0x00000000ec500000,0x00000000ec70c478,0x00000000ec780000)
  to   space 2560K, 0% used [0x00000000ec780000,0x00000000ec780000,0x00000000eca00000)
 ParOldGen       total 44032K, used 8K [0x00000000c1e00000, 0x00000000c4900000, 0x00000000eb500000)
  object space 44032K, 0% used [0x00000000c1e00000,0x00000000c1e02000,0x00000000c4900000)
 Metaspace       used 6266K, capacity 6402K, committed 6528K, reserved 1060864K
  class space    used 724K, capacity 797K, committed 896K, reserved 1048576K
Event: 0.362 GC heap after
Heap after GC invocations=2 (full 1):
 PSYoungGen      total 18944K, used 0K [0x00000000eb500000, 0x00000000eca00000, 0x0000000100000000)
  eden space 16384K, 0% used [0x00000000eb500000,0x00000000eb500000,0x00000000ec500000)
  from space 2560K, 0% used [0x00000000ec500000,0x00000000ec500000,0x00000000ec780000)
  to   space 2560K, 0% used [0x00000000ec780000,0x00000000ec780000,0x00000000eca00000)
 ParOldGen       total 31744K, used 1886K [0x00000000c1e00000, 0x00000000c3d00000, 0x00000000eb500000)
  object space 31744K, 5% used [0x00000000c1e00000,0x00000000c1fd7910,0x00000000c3d00000)
 Metaspace       used 6266K, capacity 6402K, committed 6528K, reserved 1058816K
  class space    used 724K, capacity 797K, committed 896K, reserved 1048576K
}

